[0m14:38:38.301545 [debug] [MainThread]: Sending event: {'category': 'dbt', 'action': 'invocation', 'label': 'start', 'context': [<snowplow_tracker.self_describing_json.SelfDescribingJson object at 0x000002B8332EC740>, <snowplow_tracker.self_describing_json.SelfDescribingJson object at 0x000002B8331A1FA0>, <snowplow_tracker.self_describing_json.SelfDescribingJson object at 0x000002B8331A27B0>]}


============================== 14:38:38.318779 | e5587ad4-fc11-4dcf-aea4-5f254f467d05 ==============================
[0m14:38:38.318779 [info ] [MainThread]: Running with dbt=1.11.7
[0m14:38:38.318779 [debug] [MainThread]: running dbt with arguments {'static_parser': 'True', 'no_print': 'None', 'version_check': 'True', 'target_path': 'None', 'warn_error_options': 'WarnErrorOptionsV2(error=[], warn=[], silence=[])', 'printer_width': '80', 'write_json': 'True', 'introspect': 'True', 'log_cache_events': 'False', 'empty': 'None', 'cache_selected_only': 'False', 'log_format': 'default', 'debug': 'False', 'fail_fast': 'False', 'partial_parse': 'True', 'send_anonymous_usage_stats': 'True', 'quiet': 'False', 'warn_error': 'None', 'profiles_dir': 'C:\\Users\\mohit\\.dbt', 'invocation_command': 'dbt init retailflow', 'use_colors': 'True', 'indirect_selection': 'eager', 'use_experimental_parser': 'False', 'log_path': 'logs'}
[0m14:38:38.318779 [info ] [MainThread]: Creating dbt configuration folder at C:\Users\mohit\.dbt
[0m14:38:38.318779 [debug] [MainThread]: Starter project path: C:\Users\mohit\AppData\Local\Programs\Python\Python312\Lib\site-packages\dbt\include\starter_project
[0m14:38:38.334399 [info ] [MainThread]: 
Your new dbt project "retailflow" was created!

For more information on how to configure the profiles.yml file,
please consult the dbt documentation here:

  https://docs.getdbt.com/docs/configure-your-profile

One more thing:

Need help? Don't hesitate to reach out to us via GitHub issues or on Slack:

  https://community.getdbt.com/

Happy modeling!

[0m14:38:38.334399 [info ] [MainThread]: Setting up your profile.
[0m14:41:24.915664 [info ] [MainThread]: Profile retailflow written to C:\Users\mohit\.dbt\profiles.yml using target's profile_template.yml and your supplied values. Run 'dbt debug' to validate the connection.
[0m14:41:24.915664 [debug] [MainThread]: Command `dbt init` succeeded at 14:41:24.915664 after 166.74 seconds
[0m14:41:24.915664 [debug] [MainThread]: Sending event: {'category': 'dbt', 'action': 'invocation', 'label': 'end', 'context': [<snowplow_tracker.self_describing_json.SelfDescribingJson object at 0x000002B8336C8980>, <snowplow_tracker.self_describing_json.SelfDescribingJson object at 0x000002B833AC2BD0>, <snowplow_tracker.self_describing_json.SelfDescribingJson object at 0x000002B833AC0950>]}
[0m14:41:24.915664 [debug] [MainThread]: Flushing usage events
[0m14:41:25.398887 [debug] [MainThread]: An error was encountered while trying to flush usage events
