[0m14:58:35.897811 [debug] [MainThread]: Sending event: {'category': 'dbt', 'action': 'invocation', 'label': 'start', 'context': [<snowplow_tracker.self_describing_json.SelfDescribingJson object at 0x000002999A24A270>, <snowplow_tracker.self_describing_json.SelfDescribingJson object at 0x0000029997C91490>, <snowplow_tracker.self_describing_json.SelfDescribingJson object at 0x000002999A7E68A0>]}


============================== 14:58:35.897811 | 09670772-8c82-4506-aca6-fcdd341ab036 ==============================
[0m14:58:35.897811 [info ] [MainThread]: Running with dbt=1.11.7
[0m14:58:35.897811 [debug] [MainThread]: running dbt with arguments {'version_check': 'True', 'no_print': 'None', 'static_parser': 'True', 'target_path': 'None', 'warn_error_options': 'WarnErrorOptionsV2(error=[], warn=[], silence=[])', 'printer_width': '80', 'write_json': 'True', 'introspect': 'True', 'log_cache_events': 'False', 'empty': 'False', 'cache_selected_only': 'False', 'log_format': 'default', 'debug': 'False', 'fail_fast': 'False', 'profiles_dir': 'C:\\Users\\mohit\\.dbt', 'send_anonymous_usage_stats': 'True', 'quiet': 'False', 'warn_error': 'None', 'partial_parse': 'True', 'use_colors': 'True', 'invocation_command': 'dbt run', 'indirect_selection': 'eager', 'use_experimental_parser': 'False', 'log_path': 'logs'}
[0m14:58:35.897811 [error] [MainThread]: Encountered an error:
Runtime Error
  No dbt_project.yml found at expected path C:\Users\mohit\retailflow\dbt_project.yml
  Verify that each entry within packages.yml (and their transitive dependencies) contains a file named dbt_project.yml
  
[0m14:58:35.907029 [debug] [MainThread]: Command `dbt run` failed at 14:58:35.907029 after 0.15 seconds
[0m14:58:35.907029 [debug] [MainThread]: Sending event: {'category': 'dbt', 'action': 'invocation', 'label': 'end', 'context': [<snowplow_tracker.self_describing_json.SelfDescribingJson object at 0x000002999A6085F0>, <snowplow_tracker.self_describing_json.SelfDescribingJson object at 0x000002999A33F440>, <snowplow_tracker.self_describing_json.SelfDescribingJson object at 0x000002999AF66270>]}
[0m14:58:35.907029 [debug] [MainThread]: Flushing usage events
[0m14:58:36.370650 [debug] [MainThread]: An error was encountered while trying to flush usage events
[0m15:18:48.223517 [debug] [MainThread]: Sending event: {'category': 'dbt', 'action': 'invocation', 'label': 'start', 'context': [<snowplow_tracker.self_describing_json.SelfDescribingJson object at 0x000001A86D6B3F80>, <snowplow_tracker.self_describing_json.SelfDescribingJson object at 0x000001A86D6B3C80>, <snowplow_tracker.self_describing_json.SelfDescribingJson object at 0x000001A86D6B12E0>]}


============================== 15:18:48.227547 | 31ab5cfa-da16-48a9-a5b5-ead8fb7c1404 ==============================
[0m15:18:48.227547 [info ] [MainThread]: Running with dbt=1.11.7
[0m15:18:48.227547 [debug] [MainThread]: running dbt with arguments {'static_parser': 'True', 'no_print': 'None', 'version_check': 'True', 'target_path': 'None', 'warn_error_options': 'WarnErrorOptionsV2(error=[], warn=[], silence=[])', 'printer_width': '80', 'write_json': 'True', 'introspect': 'True', 'log_cache_events': 'False', 'empty': 'False', 'cache_selected_only': 'False', 'log_format': 'default', 'debug': 'False', 'fail_fast': 'False', 'partial_parse': 'True', 'send_anonymous_usage_stats': 'True', 'quiet': 'False', 'warn_error': 'None', 'profiles_dir': 'C:\\Users\\mohit\\.dbt', 'indirect_selection': 'eager', 'use_colors': 'True', 'invocation_command': 'dbt run --target dev', 'use_experimental_parser': 'False', 'log_path': 'logs'}
[0m15:18:48.227547 [error] [MainThread]: Encountered an error:
Runtime Error
  No dbt_project.yml found at expected path C:\Users\mohit\retailflow\dbt_project.yml
  Verify that each entry within packages.yml (and their transitive dependencies) contains a file named dbt_project.yml
  
[0m15:18:48.227547 [debug] [MainThread]: Command `dbt run` failed at 15:18:48.227547 after 0.13 seconds
[0m15:18:48.231575 [debug] [MainThread]: Sending event: {'category': 'dbt', 'action': 'invocation', 'label': 'end', 'context': [<snowplow_tracker.self_describing_json.SelfDescribingJson object at 0x000001A86D34B5F0>, <snowplow_tracker.self_describing_json.SelfDescribingJson object at 0x000001A86DB34200>, <snowplow_tracker.self_describing_json.SelfDescribingJson object at 0x000001A86D82C5F0>]}
[0m15:18:48.231575 [debug] [MainThread]: Flushing usage events
[0m15:18:48.727968 [debug] [MainThread]: An error was encountered while trying to flush usage events
